{"meta": {"format": 3, "version": "7.14.1", "timestamp": "2026-06-20T10:31:36.903723", "branch_coverage": true, "show_contexts": false}, "files": {"src/certgate/__init__.py": {"executed_lines": [3, 5, 6, 7, 8, 9, 10, 12], "summary": {"covered_lines": 8, "num_statements": 8, "percent_covered": 100.0, "percent_covered_display": "100", "missing_lines": 0, "excluded_lines": 0, "percent_statements_covered": 100.0, "percent_statements_covered_display": "100", "num_branches": 0, "num_partial_branches": 0, "covered_branches": 0, "missing_branches": 0, "percent_branches_covered": 100.0, "percent_branches_covered_display": "100"}, "missing_lines": [], "excluded_lines": [], "executed_branches": [], "missing_branches": [], "functions": {"": {"executed_lines": [3, 5, 6, 7, 8, 9, 10, 12], "summary": {"covered_lines": 8, "num_statements": 8, "percent_covered": 100.0, "percent_covered_display": "100", "missing_lines": 0, "excluded_lines": 0, "percent_statements_covered": 100.0, "percent_statements_covered_display": "100", "num_branches": 0, "num_partial_branches": 0, "covered_branches": 0, "missing_branches": 0, "percent_branches_covered": 100.0, "percent_branches_covered_display": "100"}, "missing_lines": [], "excluded_lines": [], "start_line": 1, "executed_branches": [], "missing_branches": []}}, "classes": {"": {"executed_lines": [3, 5, 6, 7, 8, 9, 10, 12], "summary": {"covered_lines": 8, "num_statements": 8, "percent_covered": 100.0, "percent_covered_display": "100", "missing_lines": 0, "excluded_lines": 0, "percent_statements_covered": 100.0, "percent_statements_covered_display": "100", "num_branches": 0, "num_partial_branches": 0, "covered_branches": 0, "missing_branches": 0, "percent_branches_covered": 100.0, "percent_branches_covered_display": "100"}, "missing_lines": [], "excluded_lines": [], "start_line": 1, "executed_branches": [], "missing_branches": []}}}, "src/certgate/__main__.py": {"executed_lines": [], "summary": {"covered_lines": 0, "num_statements": 3, "percent_covered": 0.0, "percent_covered_display": "0", "missing_lines": 3, "excluded_lines": 0, "percent_statements_covered": 0.0, "percent_statements_covered_display": "0", "num_branches": 2, "num_partial_branches": 0, "covered_branches": 0, "missing_branches": 2, "percent_branches_covered": 0.0, "percent_branches_covered_display": "0"}, "missing_lines": [3, 6, 7], "excluded_lines": [], "executed_branches": [], "missing_branches": [[6, -1], [6, 7]], "functions": {"": {"executed_lines": [], "summary": {"covered_lines": 0, "num_statements": 3, "percent_covered": 0.0, "percent_covered_display": "0", "missing_lines": 3, "excluded_lines": 0, "percent_statements_covered": 0.0, "percent_statements_covered_display": "0", "num_branches": 2, "num_partial_branches": 0, "covered_branches": 0, "missing_branches": 2, "percent_branches_covered": 0.0, "percent_branches_covered_display": "0"}, "missing_lines": [3, 6, 7], "excluded_lines": [], "start_line": 1, "executed_branches": [], "missing_branches": [[6, -1], [6, 7]]}}, "classes": {"": {"executed_lines": [], "summary": {"covered_lines": 0, "num_statements": 3, "percent_covered": 0.0, "percent_covered_display": "0", "missing_lines": 3, "excluded_lines": 0, "percent_statements_covered": 0.0, "percent_statements_covered_display": "0", "num_branches": 2, "num_partial_branches": 0, "covered_branches": 0, "missing_branches": 2, "percent_branches_covered": 0.0, "percent_branches_covered_display": "0"}, "missing_lines": [3, 6, 7], "excluded_lines": [], "start_line": 1, "executed_branches": [], "missing_branches": [[6, -1], [6, 7]]}}}, "src/certgate/analytics.py": {"executed_lines": [3, 5, 6, 7, 8, 10, 12, 13, 15, 25, 26, 27, 28, 29, 30, 31, 32, 38, 39, 40, 43, 44, 45, 46, 47, 48, 49, 50, 51, 52, 53, 56, 63, 65, 66, 67, 69, 70, 79, 80, 81, 82, 83, 84, 86, 87, 88, 89, 90, 91, 92, 96, 98, 101, 102, 105, 108, 112, 113, 114, 117, 118, 119, 131, 139, 142, 152, 153, 155, 156, 175, 176, 190, 206, 214, 216, 217, 225, 227, 228, 229, 242, 243, 244, 247], "summary": {"covered_lines": 85, "num_statements": 97, "percent_covered": 82.94573643410853, "percent_covered_display": "83", "missing_lines": 12, "excluded_lines": 0, "percent_statements_covered": 87.62886597938144, "percent_statements_covered_display": "88", "num_branches": 32, "num_partial_branches": 8, "covered_branches": 22, "missing_branches": 10, "percent_branches_covered": 68.75, "percent_branches_covered_display": "69"}, "missing_lines": [33, 34, 35, 36, 103, 104, 115, 120, 121, 122, 207, 218], "excluded_lines": [], "executed_branches": [[27, 28], [27, 40], [29, 30], [29, 39], [30, 31], [30, 32], [32, 38], [44, 45], [44, 46], [50, 51], [50, 52], [82, 83], [82, 84], [86, 87], [86, 96], [102, 105], [114, 117], [119, 131], [175, 176], [206, 214], [217, 225], [227, 228]], "missing_branches": [[32, 33], [102, 103], [103, 102], [103, 104], [114, 115], [119, 120], [175, 190], [206, 207], [217, 218], [227, 242]], "functions": {"_records_from_dataframe": {"executed_lines": [26, 27, 28, 29, 30, 31, 32, 38, 39, 40], "summary": {"covered_lines": 10, "num_statements": 14, "percent_covered": 77.27272727272727, "percent_covered_display": "77", "missing_lines": 4, "excluded_lines": 0, "percent_statements_covered": 71.42857142857143, "percent_statements_covered_display": "71", "num_branches": 8, "num_partial_branches": 1, "covered_branches": 7, "missing_branches": 1, "percent_branches_covered": 87.5, "percent_branches_covered_display": "88"}, "missing_lines": [33, 34, 35, 36], "excluded_lines": [], "start_line": 25, "executed_branches": [[27, 28], [27, 40], [29, 30], [29, 39], [30, 31], [30, 32], [32, 38]], "missing_branches": [[32, 33]]}, "_table_markdown": {"executed_lines": [44, 45, 46, 47, 48, 49, 50, 51, 52, 53], "summary": {"covered_lines": 10, "num_statements": 10, "percent_covered": 100.0, "percent_covered_display": "100", "missing_lines": 0, "excluded_lines": 0, "percent_statements_covered": 100.0, "percent_statements_covered_display": "100", "num_branches": 4, "num_partial_branches": 0, "covered_branches": 4, "missing_branches": 0, "percent_branches_covered": 100.0, "percent_branches_covered_display": "100"}, "missing_lines": [], "excluded_lines": [], "start_line": 43, "executed_branches": [[44, 45], [44, 46], [50, 51], [50, 52]], "missing_branches": []}, "run_ops_insights": {"executed_lines": [63, 65, 66, 67, 69, 70, 79, 80, 81, 82, 83, 84, 86, 87, 88, 89, 90, 91, 92, 96, 98], "summary": {"covered_lines": 21, "num_statements": 21, "percent_covered": 100.0, "percent_covered_display": "100", "missing_lines": 0, "excluded_lines": 0, "percent_statements_covered": 100.0, "percent_statements_covered_display": "100", "num_branches": 4, "num_partial_branches": 0, "covered_branches": 4, "missing_branches": 0, "percent_branches_covered": 100.0, "percent_branches_covered_display": "100"}, "missing_lines": [], "excluded_lines": [], "start_line": 56, "executed_branches": [[82, 83], [82, 84], [86, 87], [86, 96]], "missing_branches": []}, "_find_failure_count": {"executed_lines": [102, 105], "summary": {"covered_lines": 2, "num_statements": 4, "percent_covered": 37.5, "percent_covered_display": "38", "missing_lines": 2, "excluded_lines": 0, "percent_statements_covered": 50.0, "percent_statements_covered_display": "50", "num_branches": 4, "num_partial_branches": 1, "covered_branches": 1, "missing_branches": 3, "percent_branches_covered": 25.0, "percent_branches_covered_display": "25"}, "missing_lines": [103, 104], "excluded_lines": [], "start_line": 101, "executed_branches": [[102, 105]], "missing_branches": [[102, 103], [103, 102], [103, 104]]}, "_owner_recommendations": {"executed_lines": [112, 113, 114, 117, 118, 119, 131, 139], "summary": {"covered_lines": 8, "num_statements": 12, "percent_covered": 62.5, "percent_covered_display": "62", "missing_lines": 4, "excluded_lines": 0, "percent_statements_covered": 66.66666666666667, "percent_statements_covered_display": "67", "num_branches": 4, "num_partial_branches": 2, "covered_branches": 2, "missing_branches": 2, "percent_branches_covered": 50.0, "percent_branches_covered_display": "50"}, "missing_lines": [115, 120, 121, 122], "excluded_lines": [], "start_line": 108, "executed_branches": [[114, 117], [119, 131]], "missing_branches": [[114, 115], [119, 120]]}, "build_weekly_exec_summary": {"executed_lines": [152, 153, 155, 156, 175, 176, 190, 206, 214, 216, 217, 225, 227, 228, 229, 242, 243, 244], "summary": {"covered_lines": 18, "num_statements": 20, "percent_covered": 78.57142857142857, "percent_covered_display": "79", "missing_lines": 2, "excluded_lines": 0, "percent_statements_covered": 90.0, "percent_statements_covered_display": "90", "num_branches": 8, "num_partial_branches": 4, "covered_branches": 4, "missing_branches": 4, "percent_branches_covered": 50.0, "percent_branches_covered_display": "50"}, "missing_lines": [207, 218], "excluded_lines": [], "start_line": 142, "executed_branches": [[175, 176], [206, 214], [217, 225], [227, 228]], "missing_branches": [[175, 190], [206, 207], [217, 218], [227, 242]]}, "": {"executed_lines": [3, 5, 6, 7, 8, 10, 12, 13, 15, 25, 43, 56, 101, 108, 142, 247], "summary": {"covered_lines": 16, "num_statements": 16, "percent_covered": 100.0, "percent_covered_display": "100", "missing_lines": 0, "excluded_lines": 0, "percent_statements_covered": 100.0, "percent_statements_covered_display": "100", "num_branches": 0, "num_partial_branches": 0, "covered_branches": 0, "missing_branches": 0, "percent_branches_covered": 100.0, "percent_branches_covered_display": "100"}, "missing_lines": [], "excluded_lines": [], "start_line": 1, "executed_branches": [], "missing_branches": []}}, "classes": {"": {"executed_lines": [3, 5, 6, 7, 8, 10, 12, 13, 15, 25, 26, 27, 28, 29, 30, 31, 32, 38, 39, 40, 43, 44, 45, 46, 47, 48, 49, 50, 51, 52, 53, 56, 63, 65, 66, 67, 69, 70, 79, 80, 81, 82, 83, 84, 86, 87, 88, 89, 90, 91, 92, 96, 98, 101, 102, 105, 108, 112, 113, 114, 117, 118, 119, 131, 139, 142, 152, 153, 155, 156, 175, 176, 190, 206, 214, 216, 217, 225, 227, 228, 229, 242, 243, 244, 247], "summary": {"covered_lines": 85, "num_statements": 97, "percent_covered": 82.94573643410853, "percent_covered_display": "83", "missing_lines": 12, "excluded_lines": 0, "percent_statements_covered": 87.62886597938144, "percent_statements_covered_display": "88", "num_branches": 32, "num_partial_branches": 8, "covered_branches": 22, "missing_branches": 10, "percent_branches_covered": 68.75, "percent_branches_covered_display": "69"}, "missing_lines": [33, 34, 35, 36, 103, 104, 115, 120, 121, 122, 207, 218], "excluded_lines": [], "start_line": 1, "executed_branches": [[27, 28], [27, 40], [29, 30], [29, 39], [30, 31], [30, 32], [32, 38], [44, 45], [44, 46], [50, 51], [50, 52], [82, 83], [82, 84], [86, 87], [86, 96], [102, 105], [114, 117], [119, 131], [175, 176], [206, 214], [217, 225], [227, 228]], "missing_branches": [[32, 33], [102, 103], [103, 102], [103, 104], [114, 115], [119, 120], [175, 190], [206, 207], [217, 218], [227, 242]]}}}, "src/certgate/cli.py": {"executed_lines": [], "summary": {"covered_lines": 0, "num_statements": 18, "percent_covered": 0.0, "percent_covered_display": "0", "missing_lines": 18, "excluded_lines": 0, "percent_statements_covered": 0.0, "percent_statements_covered_display": "0", "num_branches": 0, "num_partial_branches": 0, "covered_branches": 0, "missing_branches": 0, "percent_branches_covered": 100.0, "percent_branches_covered_display": "100"}, "missing_lines": [3, 5, 6, 7, 9, 10, 13, 14, 17, 23, 28, 34, 40, 42, 48, 49, 50, 57], "excluded_lines": [], "executed_branches": [], "missing_branches": [], "functions": {"main": {"executed_lines": [], "summary": {"covered_lines": 0, "num_statements": 10, "percent_covered": 0.0, "percent_covered_display": "0", "missing_lines": 10, "excluded_lines": 0, "percent_statements_covered": 0.0, "percent_statements_covered_display": "0", "num_branches": 0, "num_partial_branches": 0, "covered_branches": 0, "missing_branches": 0, "percent_branches_covered": 100.0, "percent_branches_covered_display": "100"}, "missing_lines": [14, 17, 23, 28, 34, 40, 42, 48, 49, 50], "excluded_lines": [], "start_line": 13, "executed_branches": [], "missing_branches": []}, "": {"executed_lines": [], "summary": {"covered_lines": 0, "num_statements": 8, "percent_covered": 0.0, "percent_covered_display": "0", "missing_lines": 8, "excluded_lines": 0, "percent_statements_covered": 0.0, "percent_statements_covered_display": "0", "num_branches": 0, "num_partial_branches": 0, "covered_branches": 0, "missing_branches": 0, "percent_branches_covered": 100.0, "percent_branches_covered_display": "100"}, "missing_lines": [3, 5, 6, 7, 9, 10, 13, 57], "excluded_lines": [], "start_line": 1, "executed_branches": [], "missing_branches": []}}, "classes": {"": {"executed_lines": [], "summary": {"covered_lines": 0, "num_statements": 18, "percent_covered": 0.0, "percent_covered_display": "0", "missing_lines": 18, "excluded_lines": 0, "percent_statements_covered": 0.0, "percent_statements_covered_display": "0", "num_branches": 0, "num_partial_branches": 0, "covered_branches": 0, "missing_branches": 0, "percent_branches_covered": 100.0, "percent_branches_covered_display": "100"}, "missing_lines": [3, 5, 6, 7, 9, 10, 13, 14, 17, 23, 28, 34, 40, 42, 48, 49, 50, 57], "excluded_lines": [], "start_line": 1, "executed_branches": [], "missing_branches": []}}}, "src/certgate/config.py": {"executed_lines": [3, 5, 6, 7, 8, 10, 11, 13, 14, 17, 18, 19, 20, 21, 22, 25, 26, 27, 28, 29, 32, 33, 34, 35, 38, 39, 40, 41, 44, 45, 46, 47, 48, 49, 50, 55, 56, 57, 60], "summary": {"covered_lines": 39, "num_statements": 39, "percent_covered": 100.0, "percent_covered_display": "100", "missing_lines": 0, "excluded_lines": 0, "percent_statements_covered": 100.0, "percent_statements_covered_display": "100", "num_branches": 0, "num_partial_branches": 0, "covered_branches": 0, "missing_branches": 0, "percent_branches_covered": 100.0, "percent_branches_covered_display": "100"}, "missing_lines": [], "excluded_lines": [], "executed_branches": [], "missing_branches": [], "functions": {"": {"executed_lines": [3, 5, 6, 7, 8, 10, 11, 13, 14, 17, 18, 19, 20, 21, 22, 25, 26, 27, 28, 29, 32, 33, 34, 35, 38, 39, 40, 41, 44, 45, 46, 47, 48, 49, 50, 55, 56, 57, 60], "summary": {"covered_lines": 39, "num_statements": 39, "percent_covered": 100.0, "percent_covered_display": "100", "missing_lines": 0, "excluded_lines": 0, "percent_statements_covered": 100.0, "percent_statements_covered_display": "100", "num_branches": 0, "num_partial_branches": 0, "covered_branches": 0, "missing_branches": 0, "percent_branches_covered": 100.0, "percent_branches_covered_display": "100"}, "missing_lines": [], "excluded_lines": [], "start_line": 1, "executed_branches": [], "missing_branches": []}}, "classes": {"SchemaTargetConfig": {"executed_lines": [], "summary": {"covered_lines": 0, "num_statements": 0, "percent_covered": 100.0, "percent_covered_display": "100", "missing_lines": 0, "excluded_lines": 0, "percent_statements_covered": 100.0, "percent_statements_covered_display": "100", "num_branches": 0, "num_partial_branches": 0, "covered_branches": 0, "missing_branches": 0, "percent_branches_covered": 100.0, "percent_branches_covered_display": "100"}, "missing_lines": [], "excluded_lines": [], "start_line": 18, "executed_branches": [], "missing_branches": []}, "TemporalRuleConfig": {"executed_lines": [], "summary": {"covered_lines": 0, "num_statements": 0, "percent_covered": 100.0, "percent_covered_display": "100", "missing_lines": 0, "excluded_lines": 0, "percent_statements_covered": 100.0, "percent_statements_covered_display": "100", "num_branches": 0, "num_partial_branches": 0, "covered_branches": 0, "missing_branches": 0, "percent_branches_covered": 100.0, "percent_branches_covered_display": "100"}, "missing_lines": [], "excluded_lines": [], "start_line": 26, "executed_branches": [], "missing_branches": []}, "DemoConfig": {"executed_lines": [], "summary": {"covered_lines": 0, "num_statements": 0, "percent_covered": 100.0, "percent_covered_display": "100", "missing_lines": 0, "excluded_lines": 0, "percent_statements_covered": 100.0, "percent_statements_covered_display": "100", "num_branches": 0, "num_partial_branches": 0, "covered_branches": 0, "missing_branches": 0, "percent_branches_covered": 100.0, "percent_branches_covered_display": "100"}, "missing_lines": [], "excluded_lines": [], "start_line": 33, "executed_branches": [], "missing_branches": []}, "BusinessRuleConfig": {"executed_lines": [], "summary": {"covered_lines": 0, "num_statements": 0, "percent_covered": 100.0, "percent_covered_display": "100", "missing_lines": 0, "excluded_lines": 0, "percent_statements_covered": 100.0, "percent_statements_covered_display": "100", "num_branches": 0, "num_partial_branches": 0, "covered_branches": 0, "missing_branches": 0, "percent_branches_covered": 100.0, "percent_branches_covered_display": "100"}, "missing_lines": [], "excluded_lines": [], "start_line": 39, "executed_branches": [], "missing_branches": []}, "PipelineConfig": {"executed_lines": [], "summary": {"covered_lines": 0, "num_statements": 0, "percent_covered": 100.0, "percent_covered_display": "100", "missing_lines": 0, "excluded_lines": 0, "percent_statements_covered": 100.0, "percent_statements_covered_display": "100", "num_branches": 0, "num_partial_branches": 0, "covered_branches": 0, "missing_branches": 0, "percent_branches_covered": 100.0, "percent_branches_covered_display": "100"}, "missing_lines": [], "excluded_lines": [], "start_line": 45, "executed_branches": [], "missing_branches": []}, "": {"executed_lines": [3, 5, 6, 7, 8, 10, 11, 13, 14, 17, 18, 19, 20, 21, 22, 25, 26, 27, 28, 29, 32, 33, 34, 35, 38, 39, 40, 41, 44, 45, 46, 47, 48, 49, 50, 55, 56, 57, 60], "summary": {"covered_lines": 39, "num_statements": 39, "percent_covered": 100.0, "percent_covered_display": "100", "missing_lines": 0, "excluded_lines": 0, "percent_statements_covered": 100.0, "percent_statements_covered_display": "100", "num_branches": 0, "num_partial_branches": 0, "covered_branches": 0, "missing_branches": 0, "percent_branches_covered": 100.0, "percent_branches_covered_display": "100"}, "missing_lines": [], "excluded_lines": [], "start_line": 1, "executed_branches": [], "missing_branches": []}}}, "src/certgate/ingest/__init__.py": {"executed_lines": [3, 5, 6, 8, 15, 17, 27, 34, 35, 36, 37, 38, 39, 40, 48, 49, 50], "summary": {"covered_lines": 17, "num_statements": 17, "percent_covered": 100.0, "percent_covered_display": "100", "missing_lines": 0, "excluded_lines": 0, "percent_statements_covered": 100.0, "percent_statements_covered_display": "100", "num_branches": 2, "num_partial_branches": 0, "covered_branches": 2, "missing_branches": 0, "percent_branches_covered": 100.0, "percent_branches_covered_display": "100"}, "missing_lines": [], "excluded_lines": [], "executed_branches": [[38, 39], [38, 48]], "missing_branches": [], "functions": {"load_bundle": {"executed_lines": [34, 35, 36, 37, 38, 39, 40, 48, 49, 50], "summary": {"covered_lines": 10, "num_statements": 10, "percent_covered": 100.0, "percent_covered_display": "100", "missing_lines": 0, "excluded_lines": 0, "percent_statements_covered": 100.0, "percent_statements_covered_display": "100", "num_branches": 2, "num_partial_branches": 0, "covered_branches": 2, "missing_branches": 0, "percent_branches_covered": 100.0, "percent_branches_covered_display": "100"}, "missing_lines": [], "excluded_lines": [], "start_line": 27, "executed_branches": [[38, 39], [38, 48]], "missing_branches": []}, "": {"executed_lines": [3, 5, 6, 8, 15, 17, 27], "summary": {"covered_lines": 7, "num_statements": 7, "percent_covered": 100.0, "percent_covered_display": "100", "missing_lines": 0, "excluded_lines": 0, "percent_statements_covered": 100.0, "percent_statements_covered_display": "100", "num_branches": 0, "num_partial_branches": 0, "covered_branches": 0, "missing_branches": 0, "percent_branches_covered": 100.0, "percent_branches_covered_display": "100"}, "missing_lines": [], "excluded_lines": [], "start_line": 1, "executed_branches": [], "missing_branches": []}}, "classes": {"": {"executed_lines": [3, 5, 6, 8, 15, 17, 27, 34, 35, 36, 37, 38, 39, 40, 48, 49, 50], "summary": {"covered_lines": 17, "num_statements": 17, "percent_covered": 100.0, "percent_covered_display": "100", "missing_lines": 0, "excluded_lines": 0, "percent_statements_covered": 100.0, "percent_statements_covered_display": "100", "num_branches": 2, "num_partial_branches": 0, "covered_branches": 2, "missing_branches": 0, "percent_branches_covered": 100.0, "percent_branches_covered_display": "100"}, "missing_lines": [], "excluded_lines": [], "start_line": 1, "executed_branches": [[38, 39], [38, 48]], "missing_branches": []}}}, "src/certgate/ingest/loaders.py": {"executed_lines": [3, 5, 6, 7, 8, 10, 12, 19, 20, 23, 24, 25, 26, 27, 30, 33, 34, 35, 36, 37, 38, 39, 42, 45, 48, 52, 54, 55, 56, 57, 58, 61, 72, 82, 83, 86, 87, 94, 95, 97, 102, 103, 105, 114, 117, 118, 119, 120, 121, 123, 124, 125, 127, 132, 135, 140, 141, 142, 145], "summary": {"covered_lines": 59, "num_statements": 77, "percent_covered": 69.36936936936937, "percent_covered_display": "69", "missing_lines": 18, "excluded_lines": 0, "percent_statements_covered": 76.62337662337663, "percent_statements_covered_display": "77", "num_branches": 34, "num_partial_branches": 8, "covered_branches": 18, "missing_branches": 16, "percent_branches_covered": 52.94117647058823, "percent_branches_covered_display": "53"}, "missing_lines": [41, 43, 44, 53, 62, 63, 64, 65, 66, 67, 68, 69, 84, 122, 128, 129, 130, 131], "excluded_lines": [], "executed_branches": [[36, 37], [36, 42], [38, 39], [42, 45], [52, 54], [54, 55], [54, 56], [83, 86], [102, 103], [118, 119], [118, 127], [120, 118], [120, 121], [121, 123], [124, 125], [127, 132], [140, -135], [140, 141]], "missing_branches": [[38, 41], [42, 43], [52, 53], [62, 63], [62, 64], [65, 66], [65, 67], [67, 68], [67, 69], [83, 84], [102, 105], [121, 122], [124, 120], [127, 128], [129, 130], [129, 131]], "functions": {"discover_ingest_files": {"executed_lines": [33, 34, 35, 36, 37, 38, 39, 42, 45], "summary": {"covered_lines": 9, "num_statements": 12, "percent_covered": 72.22222222222223, "percent_covered_display": "72", "missing_lines": 3, "excluded_lines": 0, "percent_statements_covered": 75.0, "percent_statements_covered_display": "75", "num_branches": 6, "num_partial_branches": 2, "covered_branches": 4, "missing_branches": 2, "percent_branches_covered": 66.66666666666667, "percent_branches_covered_display": "67"}, "missing_lines": [41, 43, 44], "excluded_lines": [], "start_line": 30, "executed_branches": [[36, 37], [36, 42], [38, 39], [42, 45]], "missing_branches": [[38, 41], [42, 43]]}, "_prune_datetime_dtypes": {"executed_lines": [52, 54, 55, 56, 57, 58], "summary": {"covered_lines": 6, "num_statements": 7, "percent_covered": 81.81818181818181, "percent_covered_display": "82", "missing_lines": 1, "excluded_lines": 0, "percent_statements_covered": 85.71428571428571, "percent_statements_covered_display": "86", "num_branches": 4, "num_partial_branches": 1, "covered_branches": 3, "missing_branches": 1, "percent_branches_covered": 75.0, "percent_branches_covered_display": "75"}, "missing_lines": [53], "excluded_lines": [], "start_line": 48, "executed_branches": [[52, 54], [54, 55], [54, 56]], "missing_branches": [[52, 53]]}, "_coerce_timestamp": {"executed_lines": [], "summary": {"covered_lines": 0, "num_statements": 8, "percent_covered": 0.0, "percent_covered_display": "0", "missing_lines": 8, "excluded_lines": 0, "percent_statements_covered": 0.0, "percent_statements_covered_display": "0", "num_branches": 6, "num_partial_branches": 0, "covered_branches": 0, "missing_branches": 6, "percent_branches_covered": 0.0, "percent_branches_covered_display": "0"}, "missing_lines": [62, 63, 64, 65, 66, 67, 68, 69], "excluded_lines": [], "start_line": 61, "executed_branches": [], "missing_branches": [[62, 63], [62, 64], [65, 66], [65, 67], [67, 68], [67, 69]]}, "load_table": {"executed_lines": [82, 83, 86, 87, 94, 95, 97, 102, 103, 105], "summary": {"covered_lines": 10, "num_statements": 11, "percent_covered": 80.0, "percent_covered_display": "80", "missing_lines": 1, "excluded_lines": 0, "percent_statements_covered": 90.9090909090909, "percent_statements_covered_display": "91", "num_branches": 4, "num_partial_branches": 2, "covered_branches": 2, "missing_branches": 2, "percent_branches_covered": 50.0, "percent_branches_covered_display": "50"}, "missing_lines": [84], "excluded_lines": [], "start_line": 72, "executed_branches": [[83, 86], [102, 103]], "missing_branches": [[83, 84], [102, 105]]}, "derive_bundle_reference_time": {"executed_lines": [117, 118, 119, 120, 121, 123, 124, 125, 127, 132], "summary": {"covered_lines": 10, "num_statements": 15, "percent_covered": 62.96296296296296, "percent_covered_display": "63", "missing_lines": 5, "excluded_lines": 0, "percent_statements_covered": 66.66666666666667, "percent_statements_covered_display": "67", "num_branches": 12, "num_partial_branches": 3, "covered_branches": 7, "missing_branches": 5, "percent_branches_covered": 58.333333333333336, "percent_branches_covered_display": "58"}, "missing_lines": [122, 128, 129, 130, 131], "excluded_lines": [], "start_line": 114, "executed_branches": [[118, 119], [118, 127], [120, 118], [120, 121], [121, 123], [124, 125], [127, 132]], "missing_branches": [[121, 122], [124, 120], [127, 128], [129, 130], [129, 131]]}, "attach_bundle_metadata": {"executed_lines": [140, 141, 142], "summary": {"covered_lines": 3, "num_statements": 3, "percent_covered": 100.0, "percent_covered_display": "100", "missing_lines": 0, "excluded_lines": 0, "percent_statements_covered": 100.0, "percent_statements_covered_display": "100", "num_branches": 2, "num_partial_branches": 0, "covered_branches": 2, "missing_branches": 0, "percent_branches_covered": 100.0, "percent_branches_covered_display": "100"}, "missing_lines": [], "excluded_lines": [], "start_line": 135, "executed_branches": [[140, -135], [140, 141]], "missing_branches": []}, "": {"executed_lines": [3, 5, 6, 7, 8, 10, 12, 19, 20, 23, 24, 25, 26, 27, 30, 48, 61, 72, 114, 135, 145], "summary": {"covered_lines": 21, "num_statements": 21, "percent_covered": 100.0, "percent_covered_display": "100", "missing_lines": 0, "excluded_lines": 0, "percent_statements_covered": 100.0, "percent_statements_covered_display": "100", "num_branches": 0, "num_partial_branches": 0, "covered_branches": 0, "missing_branches": 0, "percent_branches_covered": 100.0, "percent_branches_covered_display": "100"}, "missing_lines": [], "excluded_lines": [], "start_line": 1, "executed_branches": [], "missing_branches": []}}, "classes": {"LoadedTable": {"executed_lines": [], "summary": {"covered_lines": 0, "num_statements": 0, "percent_covered": 100.0, "percent_covered_display": "100", "missing_lines": 0, "excluded_lines": 0, "percent_statements_covered": 100.0, "percent_statements_covered_display": "100", "num_branches": 0, "num_partial_branches": 0, "covered_branches": 0, "missing_branches": 0, "percent_branches_covered": 100.0, "percent_branches_covered_display": "100"}, "missing_lines": [], "excluded_lines": [], "start_line": 20, "executed_branches": [], "missing_branches": []}, "": {"executed_lines": [3, 5, 6, 7, 8, 10, 12, 19, 20, 23, 24, 25, 26, 27, 30, 33, 34, 35, 36, 37, 38, 39, 42, 45, 48, 52, 54, 55, 56, 57, 58, 61, 72, 82, 83, 86, 87, 94, 95, 97, 102, 103, 105, 114, 117, 118, 119, 120, 121, 123, 124, 125, 127, 132, 135, 140, 141, 142, 145], "summary": {"covered_lines": 59, "num_statements": 77, "percent_covered": 69.36936936936937, "percent_covered_display": "69", "missing_lines": 18, "excluded_lines": 0, "percent_statements_covered": 76.62337662337663, "percent_statements_covered_display": "77", "num_branches": 34, "num_partial_branches": 8, "covered_branches": 18, "missing_branches": 16, "percent_branches_covered": 52.94117647058823, "percent_branches_covered_display": "53"}, "missing_lines": [41, 43, 44, 53, 62, 63, 64, 65, 66, 67, 68, 69, 84, 122, 128, 129, 130, 131], "excluded_lines": [], "start_line": 1, "executed_branches": [[36, 37], [36, 42], [38, 39], [42, 45], [52, 54], [54, 55], [54, 56], [83, 86], [102, 103], [118, 119], [118, 127], [120, 118], [120, 121], [121, 123], [124, 125], [127, 132], [140, -135], [140, 141]], "missing_branches": [[38, 41], [42, 43], [52, 53], [62, 63], [62, 64], [65, 66], [65, 67], [67, 68], [67, 69], [83, 84], [102, 105], [121, 122], [124, 120], [127, 128], [129, 130], [129, 131]]}}}, "src/certgate/pipeline.py": {"executed_lines": [3, 5, 6, 7, 9, 10, 11, 12, 13, 14, 17, 18, 19, 20, 21, 24, 27, 28, 29, 31, 36, 41, 42, 43, 44, 45, 46, 53, 54, 55, 57, 61, 70, 71, 72, 74, 79, 81, 86, 87, 88, 90, 91, 93, 94, 95, 97, 98, 100, 101, 107, 113, 115, 116, 118, 119, 120, 121, 122, 123, 124, 130, 139, 140, 141, 142, 143, 144, 145, 146, 148, 153, 154, 155, 156, 161, 162, 163, 165, 166, 169, 170, 174], "summary": {"covered_lines": 83, "num_statements": 90, "percent_covered": 87.03703703703704, "percent_covered_display": "87", "missing_lines": 7, "excluded_lines": 0, "percent_statements_covered": 92.22222222222223, "percent_statements_covered_display": "92", "num_branches": 18, "num_partial_branches": 5, "covered_branches": 11, "missing_branches": 7, "percent_branches_covered": 61.111111111111114, "percent_branches_covered_display": "61"}, "missing_lines": [58, 59, 92, 99, 114, 167, 171], "excluded_lines": [], "executed_branches": [[43, 44], [43, 57], [57, 61], [70, 71], [70, 74], [71, 72], [71, 74], [91, 93], [98, 100], [113, 115], [121, 122]], "missing_branches": [[57, 58], [58, 59], [58, 70], [91, 92], [98, 99], [113, 114], [121, 130]], "functions": {"ReleaseGatePipeline.__init__": {"executed_lines": [28, 29], "summary": {"covered_lines": 2, "num_statements": 2, "percent_covered": 100.0, "percent_covered_display": "100", "missing_lines": 0, "excluded_lines": 0, "percent_statements_covered": 100.0, "percent_statements_covered_display": "100", "num_branches": 0, "num_partial_branches": 0, "covered_branches": 0, "missing_branches": 0, "percent_branches_covered": 100.0, "percent_branches_covered_display": "100"}, "missing_lines": [], "excluded_lines": [], "start_line": 27, "executed_branches": [], "missing_branches": []}, "ReleaseGatePipeline._evaluate_bundle": {"executed_lines": [36, 41, 42, 43, 44, 45, 46, 53, 54, 55, 57, 61, 70, 71, 72, 74, 79], "summary": {"covered_lines": 17, "num_statements": 19, "percent_covered": 82.75862068965517, "percent_covered_display": "83", "missing_lines": 2, "excluded_lines": 0, "percent_statements_covered": 89.47368421052632, "percent_statements_covered_display": "89", "num_branches": 10, "num_partial_branches": 1, "covered_branches": 7, "missing_branches": 3, "percent_branches_covered": 70.0, "percent_branches_covered_display": "70"}, "missing_lines": [58, 59], "excluded_lines": [], "start_line": 31, "executed_branches": [[43, 44], [43, 57], [57, 61], [70, 71], [70, 74], [71, 72], [71, 74]], "missing_branches": [[57, 58], [58, 59], [58, 70]]}, "ReleaseGatePipeline.run": {"executed_lines": [86, 87, 88], "summary": {"covered_lines": 3, "num_statements": 3, "percent_covered": 100.0, "percent_covered_display": "100", "missing_lines": 0, "excluded_lines": 0, "percent_statements_covered": 100.0, "percent_statements_covered_display": "100", "num_branches": 0, "num_partial_branches": 0, "covered_branches": 0, "missing_branches": 0, "percent_branches_covered": 100.0, "percent_branches_covered_display": "100"}, "missing_lines": [], "excluded_lines": [], "start_line": 81, "executed_branches": [], "missing_branches": []}, "ReleaseGatePipeline.write_reports": {"executed_lines": [91, 93, 94, 95], "summary": {"covered_lines": 4, "num_statements": 5, "percent_covered": 71.42857142857143, "percent_covered_display": "71", "missing_lines": 1, "excluded_lines": 0, "percent_statements_covered": 80.0, "percent_statements_covered_display": "80", "num_branches": 2, "num_partial_branches": 1, "covered_branches": 1, "missing_branches": 1, "percent_branches_covered": 50.0, "percent_branches_covered_display": "50"}, "missing_lines": [92], "excluded_lines": [], "start_line": 90, "executed_branches": [[91, 93]], "missing_branches": [[91, 92]]}, "ReleaseGatePipeline.write_ops_insights": {"executed_lines": [98, 100, 101], "summary": {"covered_lines": 3, "num_statements": 4, "percent_covered": 66.66666666666667, "percent_covered_display": "67", "missing_lines": 1, "excluded_lines": 0, "percent_statements_covered": 75.0, "percent_statements_covered_display": "75", "num_branches": 2, "num_partial_branches": 1, "covered_branches": 1, "missing_branches": 1, "percent_branches_covered": 50.0, "percent_branches_covered_display": "50"}, "missing_lines": [99], "excluded_lines": [], "start_line": 97, "executed_branches": [[98, 100]], "missing_branches": [[98, 99]]}, "ReleaseGatePipeline.write_weekly_summary": {"executed_lines": [113, 115, 116, 118, 119, 120, 121, 122, 123, 124, 130], "summary": {"covered_lines": 11, "num_statements": 12, "percent_covered": 81.25, "percent_covered_display": "81", "missing_lines": 1, "excluded_lines": 0, "percent_statements_covered": 91.66666666666667, "percent_statements_covered_display": "92", "num_branches": 4, "num_partial_branches": 2, "covered_branches": 2, "missing_branches": 2, "percent_branches_covered": 50.0, "percent_branches_covered_display": "50"}, "missing_lines": [114], "excluded_lines": [], "start_line": 107, "executed_branches": [[113, 115], [121, 122]], "missing_branches": [[113, 114], [121, 130]]}, "ReleaseGatePipeline.write_demo_artifacts": {"executed_lines": [140, 141, 142, 143, 144, 145, 146], "summary": {"covered_lines": 7, "num_statements": 7, "percent_covered": 100.0, "percent_covered_display": "100", "missing_lines": 0, "excluded_lines": 0, "percent_statements_covered": 100.0, "percent_statements_covered_display": "100", "num_branches": 0, "num_partial_branches": 0, "covered_branches": 0, "missing_branches": 0, "percent_branches_covered": 100.0, "percent_branches_covered_display": "100"}, "missing_lines": [], "excluded_lines": [], "start_line": 139, "executed_branches": [], "missing_branches": []}, "ReleaseGatePipeline.generate_all_outputs": {"executed_lines": [153, 154, 155, 156, 161, 162, 163], "summary": {"covered_lines": 7, "num_statements": 7, "percent_covered": 100.0, "percent_covered_display": "100", "missing_lines": 0, "excluded_lines": 0, "percent_statements_covered": 100.0, "percent_statements_covered_display": "100", "num_branches": 0, "num_partial_branches": 0, "covered_branches": 0, "missing_branches": 0, "percent_branches_covered": 100.0, "percent_branches_covered_display": "100"}, "missing_lines": [], "excluded_lines": [], "start_line": 148, "executed_branches": [], "missing_branches": []}, "ReleaseGatePipeline.report": {"executed_lines": [], "summary": {"covered_lines": 0, "num_statements": 1, "percent_covered": 0.0, "percent_covered_display": "0", "missing_lines": 1, "excluded_lines": 0, "percent_statements_covered": 0.0, "percent_statements_covered_display": "0", "num_branches": 0, "num_partial_branches": 0, "covered_branches": 0, "missing_branches": 0, "percent_branches_covered": 100.0, "percent_branches_covered_display": "100"}, "missing_lines": [167], "excluded_lines": [], "start_line": 166, "executed_branches": [], "missing_branches": []}, "ReleaseGatePipeline.tables": {"executed_lines": [], "summary": {"covered_lines": 0, "num_statements": 1, "percent_covered": 0.0, "percent_covered_display": "0", "missing_lines": 1, "excluded_lines": 0, "percent_statements_covered": 0.0, "percent_statements_covered_display": "0", "num_branches": 0, "num_partial_branches": 0, "covered_branches": 0, "missing_branches": 0, "percent_branches_covered": 100.0, "percent_branches_covered_display": "100"}, "missing_lines": [171], "excluded_lines": [], "start_line": 170, "executed_branches": [], "missing_branches": []}, "": {"executed_lines": [3, 5, 6, 7, 9, 10, 11, 12, 13, 14, 17, 18, 19, 20, 21, 24, 27, 31, 81, 90, 97, 107, 139, 148, 165, 166, 169, 170, 174], "summary": {"covered_lines": 29, "num_statements": 29, "percent_covered": 100.0, "percent_covered_display": "100", "missing_lines": 0, "excluded_lines": 0, "percent_statements_covered": 100.0, "percent_statements_covered_display": "100", "num_branches": 0, "num_partial_branches": 0, "covered_branches": 0, "missing_branches": 0, "percent_branches_covered": 100.0, "percent_branches_covered_display": "100"}, "missing_lines": [], "excluded_lines": [], "start_line": 1, "executed_branches": [], "missing_branches": []}}, "classes": {"BundleRun": {"executed_lines": [], "summary": {"covered_lines": 0, "num_statements": 0, "percent_covered": 100.0, "percent_covered_display": "100", "missing_lines": 0, "excluded_lines": 0, "percent_statements_covered": 100.0, "percent_statements_covered_display": "100", "num_branches": 0, "num_partial_branches": 0, "covered_branches": 0, "missing_branches": 0, "percent_branches_covered": 100.0, "percent_branches_covered_display": "100"}, "missing_lines": [], "excluded_lines": [], "start_line": 18, "executed_branches": [], "missing_branches": []}, "ReleaseGatePipeline": {"executed_lines": [28, 29, 36, 41, 42, 43, 44, 45, 46, 53, 54, 55, 57, 61, 70, 71, 72, 74, 79, 86, 87, 88, 91, 93, 94, 95, 98, 100, 101, 113, 115, 116, 118, 119, 120, 121, 122, 123, 124, 130, 140, 141, 142, 143, 144, 145, 146, 153, 154, 155, 156, 161, 162, 163], "summary": {"covered_lines": 54, "num_statements": 61, "percent_covered": 82.27848101265823, "percent_covered_display": "82", "missing_lines": 7, "excluded_lines": 0, "percent_statements_covered": 88.52459016393442, "percent_statements_covered_display": "89", "num_branches": 18, "num_partial_branches": 5, "covered_branches": 11, "missing_branches": 7, "percent_branches_covered": 61.111111111111114, "percent_branches_covered_display": "61"}, "missing_lines": [58, 59, 92, 99, 114, 167, 171], "excluded_lines": [], "start_line": 24, "executed_branches": [[43, 44], [43, 57], [57, 61], [70, 71], [70, 74], [71, 72], [71, 74], [91, 93], [98, 100], [113, 115], [121, 122]], "missing_branches": [[57, 58], [58, 59], [58, 70], [91, 92], [98, 99], [113, 114], [121, 130]]}, "": {"executed_lines": [3, 5, 6, 7, 9, 10, 11, 12, 13, 14, 17, 18, 19, 20, 21, 24, 27, 31, 81, 90, 97, 107, 139, 148, 165, 166, 169, 170, 174], "summary": {"covered_lines": 29, "num_statements": 29, "percent_covered": 100.0, "percent_covered_display": "100", "missing_lines": 0, "excluded_lines": 0, "percent_statements_covered": 100.0, "percent_statements_covered_display": "100", "num_branches": 0, "num_partial_branches": 0, "covered_branches": 0, "missing_branches": 0, "percent_branches_covered": 100.0, "percent_branches_covered_display": "100"}, "missing_lines": [], "excluded_lines": [], "start_line": 1, "executed_branches": [], "missing_branches": []}}}, "src/certgate/reporting/__init__.py": {"executed_lines": [3, 5, 6, 7, 8, 9, 10, 11, 13, 15, 16, 17, 19, 20, 21, 22, 23, 25, 26, 29, 30, 31, 32, 35, 36, 39, 40, 41, 42, 43, 44, 45, 46, 47, 48, 49, 52, 53, 54, 55, 56, 58, 59, 60, 66, 67, 68, 75, 76, 79, 80, 81, 82, 84, 85, 86, 87, 89, 90, 91, 93, 94, 95, 97, 98, 99, 101, 102, 103, 105, 106, 107, 109, 110, 111, 113, 114, 115, 116, 117, 118, 119, 120, 122, 123, 133, 134, 135, 148, 149, 150, 151, 164, 165, 166, 167, 168, 188, 189, 196, 197, 198, 200, 201, 202, 203, 207, 208, 210, 211, 212, 213, 215, 217, 218, 219, 220, 225, 226, 229, 230, 233, 235, 236, 239], "summary": {"covered_lines": 125, "num_statements": 128, "percent_covered": 95.67901234567901, "percent_covered_display": "96", "missing_lines": 3, "excluded_lines": 0, "percent_statements_covered": 97.65625, "percent_statements_covered_display": "98", "num_branches": 34, "num_partial_branches": 4, "covered_branches": 30, "missing_branches": 4, "percent_branches_covered": 88.23529411764706, "percent_branches_covered_display": "88"}, "missing_lines": [57, 209, 214], "excluded_lines": [], "executed_branches": [[41, 42], [41, 43], [43, 44], [43, 45], [45, 46], [45, 47], [47, 48], [47, 49], [54, 55], [54, 60], [56, 58], [58, 54], [58, 59], [85, 86], [85, 87], [116, 117], [116, 118], [118, 119], [118, 120], [188, 189], [188, 198], [196, 197], [202, 203], [202, 210], [207, 208], [210, 211], [210, 215], [212, 213], [225, -217], [225, 226]], "missing_branches": [[56, 57], [196, 198], [207, 209], [212, 214]], "functions": {"_slugify_rule_id": {"executed_lines": [30, 31, 32], "summary": {"covered_lines": 3, "num_statements": 3, "percent_covered": 100.0, "percent_covered_display": "100", "missing_lines": 0, "excluded_lines": 0, "percent_statements_covered": 100.0, "percent_statements_covered_display": "100", "num_branches": 0, "num_partial_branches": 0, "covered_branches": 0, "missing_branches": 0, "percent_branches_covered": 100.0, "percent_branches_covered_display": "100"}, "missing_lines": [], "excluded_lines": [], "start_line": 29, "executed_branches": [], "missing_branches": []}, "_remediation_link": {"executed_lines": [36], "summary": {"covered_lines": 1, "num_statements": 1, "percent_covered": 100.0, "percent_covered_display": "100", "missing_lines": 0, "excluded_lines": 0, "percent_statements_covered": 100.0, "percent_statements_covered_display": "100", "num_branches": 0, "num_partial_branches": 0, "covered_branches": 0, "missing_branches": 0, "percent_branches_covered": 100.0, "percent_branches_covered_display": "100"}, "missing_lines": [], "excluded_lines": [], "start_line": 35, "executed_branches": [], "missing_branches": []}, "infer_root_cause": {"executed_lines": [40, 41, 42, 43, 44, 45, 46, 47, 48, 49], "summary": {"covered_lines": 10, "num_statements": 10, "percent_covered": 100.0, "percent_covered_display": "100", "missing_lines": 0, "excluded_lines": 0, "percent_statements_covered": 100.0, "percent_statements_covered_display": "100", "num_branches": 8, "num_partial_branches": 0, "covered_branches": 8, "missing_branches": 0, "percent_branches_covered": 100.0, "percent_branches_covered_display": "100"}, "missing_lines": [], "excluded_lines": [], "start_line": 39, "executed_branches": [[41, 42], [41, 43], [43, 44], [43, 45], [45, 46], [45, 47], [47, 48], [47, 49]], "missing_branches": []}, "_sum_named_counts": {"executed_lines": [53, 54, 55, 56, 58, 59, 60], "summary": {"covered_lines": 7, "num_statements": 8, "percent_covered": 85.71428571428571, "percent_covered_display": "86", "missing_lines": 1, "excluded_lines": 0, "percent_statements_covered": 87.5, "percent_statements_covered_display": "88", "num_branches": 6, "num_partial_branches": 1, "covered_branches": 5, "missing_branches": 1, "percent_branches_covered": 83.33333333333333, "percent_branches_covered_display": "83"}, "missing_lines": [57], "excluded_lines": [], "start_line": 52, "executed_branches": [[54, 55], [54, 60], [56, 58], [58, 54], [58, 59]], "missing_branches": [[56, 57]]}, "_severity_counts": {"executed_lines": [67, 68], "summary": {"covered_lines": 2, "num_statements": 2, "percent_covered": 100.0, "percent_covered_display": "100", "missing_lines": 0, "excluded_lines": 0, "percent_statements_covered": 100.0, "percent_statements_covered_display": "100", "num_branches": 0, "num_partial_branches": 0, "covered_branches": 0, "missing_branches": 0, "percent_branches_covered": 100.0, "percent_branches_covered_display": "100"}, "missing_lines": [], "excluded_lines": [], "start_line": 66, "executed_branches": [], "missing_branches": []}, "ReleaseReport.__post_init__": {"executed_lines": [85, 86, 87], "summary": {"covered_lines": 3, "num_statements": 3, "percent_covered": 100.0, "percent_covered_display": "100", "missing_lines": 0, "excluded_lines": 0, "percent_statements_covered": 100.0, "percent_statements_covered_display": "100", "num_branches": 2, "num_partial_branches": 0, "covered_branches": 2, "missing_branches": 0, "percent_branches_covered": 100.0, "percent_branches_covered_display": "100"}, "missing_lines": [], "excluded_lines": [], "start_line": 84, "executed_branches": [[85, 86], [85, 87]], "missing_branches": []}, "ReleaseReport.failing_outcomes": {"executed_lines": [91], "summary": {"covered_lines": 1, "num_statements": 1, "percent_covered": 100.0, "percent_covered_display": "100", "missing_lines": 0, "excluded_lines": 0, "percent_statements_covered": 100.0, "percent_statements_covered_display": "100", "num_branches": 0, "num_partial_branches": 0, "covered_branches": 0, "missing_branches": 0, "percent_branches_covered": 100.0, "percent_branches_covered_display": "100"}, "missing_lines": [], "excluded_lines": [], "start_line": 90, "executed_branches": [], "missing_branches": []}, "ReleaseReport.iso_timestamp": {"executed_lines": [95], "summary": {"covered_lines": 1, "num_statements": 1, "percent_covered": 100.0, "percent_covered_display": "100", "missing_lines": 0, "excluded_lines": 0, "percent_statements_covered": 100.0, "percent_statements_covered_display": "100", "num_branches": 0, "num_partial_branches": 0, "covered_branches": 0, "missing_branches": 0, "percent_branches_covered": 100.0, "percent_branches_covered_display": "100"}, "missing_lines": [], "excluded_lines": [], "start_line": 94, "executed_branches": [], "missing_branches": []}, "ReleaseReport.records_scanned": {"executed_lines": [99], "summary": {"covered_lines": 1, "num_statements": 1, "percent_covered": 100.0, "percent_covered_display": "100", "missing_lines": 0, "excluded_lines": 0, "percent_statements_covered": 100.0, "percent_statements_covered_display": "100", "num_branches": 0, "num_partial_branches": 0, "covered_branches": 0, "missing_branches": 0, "percent_branches_covered": 100.0, "percent_branches_covered_display": "100"}, "missing_lines": [], "excluded_lines": [], "start_line": 98, "executed_branches": [], "missing_branches": []}, "ReleaseReport.severity_counts": {"executed_lines": [103], "summary": {"covered_lines": 1, "num_statements": 1, "percent_covered": 100.0, "percent_covered_display": "100", "missing_lines": 0, "excluded_lines": 0, "percent_statements_covered": 100.0, "percent_statements_covered_display": "100", "num_branches": 0, "num_partial_branches": 0, "covered_branches": 0, "missing_branches": 0, "percent_branches_covered": 100.0, "percent_branches_covered_display": "100"}, "missing_lines": [], "excluded_lines": [], "start_line": 102, "executed_branches": [], "missing_branches": []}, "ReleaseReport.top_affected_owners": {"executed_lines": [107], "summary": {"covered_lines": 1, "num_statements": 1, "percent_covered": 100.0, "percent_covered_display": "100", "missing_lines": 0, "excluded_lines": 0, "percent_statements_covered": 100.0, "percent_statements_covered_display": "100", "num_branches": 0, "num_partial_branches": 0, "covered_branches": 0, "missing_branches": 0, "percent_branches_covered": 100.0, "percent_branches_covered_display": "100"}, "missing_lines": [], "excluded_lines": [], "start_line": 106, "executed_branches": [], "missing_branches": []}, "ReleaseReport.top_affected_stages": {"executed_lines": [111], "summary": {"covered_lines": 1, "num_statements": 1, "percent_covered": 100.0, "percent_covered_display": "100", "missing_lines": 0, "excluded_lines": 0, "percent_statements_covered": 100.0, "percent_statements_covered_display": "100", "num_branches": 0, "num_partial_branches": 0, "covered_branches": 0, "missing_branches": 0, "percent_branches_covered": 100.0, "percent_branches_covered_display": "100"}, "missing_lines": [], "excluded_lines": [], "start_line": 110, "executed_branches": [], "missing_branches": []}, "ReleaseReport.status": {"executed_lines": [115, 116, 117, 118, 119, 120], "summary": {"covered_lines": 6, "num_statements": 6, "percent_covered": 100.0, "percent_covered_display": "100", "missing_lines": 0, "excluded_lines": 0, "percent_statements_covered": 100.0, "percent_statements_covered_display": "100", "num_branches": 4, "num_partial_branches": 0, "covered_branches": 4, "missing_branches": 0, "percent_branches_covered": 100.0, "percent_branches_covered_display": "100"}, "missing_lines": [], "excluded_lines": [], "start_line": 114, "executed_branches": [[116, 117], [116, 118], [118, 119], [118, 120]], "missing_branches": []}, "ReleaseReport._rule_payload": {"executed_lines": [123], "summary": {"covered_lines": 1, "num_statements": 1, "percent_covered": 100.0, "percent_covered_display": "100", "missing_lines": 0, "excluded_lines": 0, "percent_statements_covered": 100.0, "percent_statements_covered_display": "100", "num_branches": 0, "num_partial_branches": 0, "covered_branches": 0, "missing_branches": 0, "percent_branches_covered": 100.0, "percent_branches_covered_display": "100"}, "missing_lines": [], "excluded_lines": [], "start_line": 122, "executed_branches": [], "missing_branches": []}, "ReleaseReport.validation_summary": {"executed_lines": [134, 135], "summary": {"covered_lines": 2, "num_statements": 2, "percent_covered": 100.0, "percent_covered_display": "100", "missing_lines": 0, "excluded_lines": 0, "percent_statements_covered": 100.0, "percent_statements_covered_display": "100", "num_branches": 0, "num_partial_branches": 0, "covered_branches": 0, "missing_branches": 0, "percent_branches_covered": 100.0, "percent_branches_covered_display": "100"}, "missing_lines": [], "excluded_lines": [], "start_line": 133, "executed_branches": [], "missing_branches": []}, "ReleaseReport.defect_summary": {"executed_lines": [149, 150, 151], "summary": {"covered_lines": 3, "num_statements": 3, "percent_covered": 100.0, "percent_covered_display": "100", "missing_lines": 0, "excluded_lines": 0, "percent_statements_covered": 100.0, "percent_statements_covered_display": "100", "num_branches": 0, "num_partial_branches": 0, "covered_branches": 0, "missing_branches": 0, "percent_branches_covered": 100.0, "percent_branches_covered_display": "100"}, "missing_lines": [], "excluded_lines": [], "start_line": 148, "executed_branches": [], "missing_branches": []}, "ReleaseReport.release_decision": {"executed_lines": [165, 166, 167, 168, 188, 189, 196, 197, 198], "summary": {"covered_lines": 9, "num_statements": 9, "percent_covered": 92.3076923076923, "percent_covered_display": "92", "missing_lines": 0, "excluded_lines": 0, "percent_statements_covered": 100.0, "percent_statements_covered_display": "100", "num_branches": 4, "num_partial_branches": 1, "covered_branches": 3, "missing_branches": 1, "percent_branches_covered": 75.0, "percent_branches_covered_display": "75"}, "missing_lines": [], "excluded_lines": [], "start_line": 164, "executed_branches": [[188, 189], [188, 198], [196, 197]], "missing_branches": [[196, 198]]}, "ReleaseReport._decision_reason": {"executed_lines": [202, 203, 207, 208, 210, 211, 212, 213, 215], "summary": {"covered_lines": 9, "num_statements": 11, "percent_covered": 78.94736842105263, "percent_covered_display": "79", "missing_lines": 2, "excluded_lines": 0, "percent_statements_covered": 81.81818181818181, "percent_statements_covered_display": "82", "num_branches": 8, "num_partial_branches": 2, "covered_branches": 6, "missing_branches": 2, "percent_branches_covered": 75.0, "percent_branches_covered_display": "75"}, "missing_lines": [209, 214], "excluded_lines": [], "start_line": 201, "executed_branches": [[202, 203], [202, 210], [207, 208], [210, 211], [210, 215], [212, 213]], "missing_branches": [[207, 209], [212, 214]]}, "ReleaseReport.write_reports": {"executed_lines": [218, 219, 220, 225, 226], "summary": {"covered_lines": 5, "num_statements": 5, "percent_covered": 100.0, "percent_covered_display": "100", "missing_lines": 0, "excluded_lines": 0, "percent_statements_covered": 100.0, "percent_statements_covered_display": "100", "num_branches": 2, "num_partial_branches": 0, "covered_branches": 2, "missing_branches": 0, "percent_branches_covered": 100.0, "percent_branches_covered_display": "100"}, "missing_lines": [], "excluded_lines": [], "start_line": 217, "executed_branches": [[225, -217], [225, 226]], "missing_branches": []}, "ReportWriter.write": {"executed_lines": [236], "summary": {"covered_lines": 1, "num_statements": 1, "percent_covered": 100.0, "percent_covered_display": "100", "missing_lines": 0, "excluded_lines": 0, "percent_statements_covered": 100.0, "percent_statements_covered_display": "100", "num_branches": 0, "num_partial_branches": 0, "covered_branches": 0, "missing_branches": 0, "percent_branches_covered": 100.0, "percent_branches_covered_display": "100"}, "missing_lines": [], "excluded_lines": [], "start_line": 235, "executed_branches": [], "missing_branches": []}, "": {"executed_lines": [3, 5, 6, 7, 8, 9, 10, 11, 13, 15, 16, 17, 19, 20, 21, 22, 23, 25, 26, 29, 35, 39, 52, 66, 75, 76, 79, 80, 81, 82, 84, 89, 90, 93, 94, 97, 98, 101, 102, 105, 106, 109, 110, 113, 114, 122, 133, 148, 164, 200, 201, 217, 229, 230, 233, 235, 239], "summary": {"covered_lines": 57, "num_statements": 57, "percent_covered": 100.0, "percent_covered_display": "100", "missing_lines": 0, "excluded_lines": 0, "percent_statements_covered": 100.0, "percent_statements_covered_display": "100", "num_branches": 0, "num_partial_branches": 0, "covered_branches": 0, "missing_branches": 0, "percent_branches_covered": 100.0, "percent_branches_covered_display": "100"}, "missing_lines": [], "excluded_lines": [], "start_line": 1, "executed_branches": [], "missing_branches": []}}, "classes": {"ReleaseReport": {"executed_lines": [85, 86, 87, 91, 95, 99, 103, 107, 111, 115, 116, 117, 118, 119, 120, 123, 134, 135, 149, 150, 151, 165, 166, 167, 168, 188, 189, 196, 197, 198, 202, 203, 207, 208, 210, 211, 212, 213, 215, 218, 219, 220, 225, 226], "summary": {"covered_lines": 44, "num_statements": 46, "percent_covered": 92.42424242424242, "percent_covered_display": "92", "missing_lines": 2, "excluded_lines": 0, "percent_statements_covered": 95.65217391304348, "percent_statements_covered_display": "96", "num_branches": 20, "num_partial_branches": 3, "covered_branches": 17, "missing_branches": 3, "percent_branches_covered": 85.0, "percent_branches_covered_display": "85"}, "missing_lines": [209, 214], "excluded_lines": [], "start_line": 76, "executed_branches": [[85, 86], [85, 87], [116, 117], [116, 118], [118, 119], [118, 120], [188, 189], [188, 198], [196, 197], [202, 203], [202, 210], [207, 208], [210, 211], [210, 215], [212, 213], [225, -217], [225, 226]], "missing_branches": [[196, 198], [207, 209], [212, 214]]}, "ReportWriter": {"executed_lines": [236], "summary": {"covered_lines": 1, "num_statements": 1, "percent_covered": 100.0, "percent_covered_display": "100", "missing_lines": 0, "excluded_lines": 0, "percent_statements_covered": 100.0, "percent_statements_covered_display": "100", "num_branches": 0, "num_partial_branches": 0, "covered_branches": 0, "missing_branches": 0, "percent_branches_covered": 100.0, "percent_branches_covered_display": "100"}, "missing_lines": [], "excluded_lines": [], "start_line": 230, "executed_branches": [], "missing_branches": []}, "": {"executed_lines": [3, 5, 6, 7, 8, 9, 10, 11, 13, 15, 16, 17, 19, 20, 21, 22, 23, 25, 26, 29, 30, 31, 32, 35, 36, 39, 40, 41, 42, 43, 44, 45, 46, 47, 48, 49, 52, 53, 54, 55, 56, 58, 59, 60, 66, 67, 68, 75, 76, 79, 80, 81, 82, 84, 89, 90, 93, 94, 97, 98, 101, 102, 105, 106, 109, 110, 113, 114, 122, 133, 148, 164, 200, 201, 217, 229, 230, 233, 235, 239], "summary": {"covered_lines": 80, "num_statements": 81, "percent_covered": 97.89473684210526, "percent_covered_display": "98", "missing_lines": 1, "excluded_lines": 0, "percent_statements_covered": 98.76543209876543, "percent_statements_covered_display": "99", "num_branches": 14, "num_partial_branches": 1, "covered_branches": 13, "missing_branches": 1, "percent_branches_covered": 92.85714285714286, "percent_branches_covered_display": "93"}, "missing_lines": [57], "excluded_lines": [], "start_line": 1, "executed_branches": [[41, 42], [41, 43], [43, 44], [43, 45], [45, 46], [45, 47], [47, 48], [47, 49], [54, 55], [54, 60], [56, 58], [58, 54], [58, 59]], "missing_branches": [[56, 57]]}}}, "src/certgate/rules/__init__.py": {"executed_lines": [3, 5, 7], "summary": {"covered_lines": 3, "num_statements": 3, "percent_covered": 100.0, "percent_covered_display": "100", "missing_lines": 0, "excluded_lines": 0, "percent_statements_covered": 100.0, "percent_statements_covered_display": "100", "num_branches": 0, "num_partial_branches": 0, "covered_branches": 0, "missing_branches": 0, "percent_branches_covered": 100.0, "percent_branches_covered_display": "100"}, "missing_lines": [], "excluded_lines": [], "executed_branches": [], "missing_branches": [], "functions": {"": {"executed_lines": [3, 5, 7], "summary": {"covered_lines": 3, "num_statements": 3, "percent_covered": 100.0, "percent_covered_display": "100", "missing_lines": 0, "excluded_lines": 0, "percent_statements_covered": 100.0, "percent_statements_covered_display": "100", "num_branches": 0, "num_partial_branches": 0, "covered_branches": 0, "missing_branches": 0, "percent_branches_covered": 100.0, "percent_branches_covered_display": "100"}, "missing_lines": [], "excluded_lines": [], "start_line": 1, "executed_branches": [], "missing_branches": []}}, "classes": {"": {"executed_lines": [3, 5, 7], "summary": {"covered_lines": 3, "num_statements": 3, "percent_covered": 100.0, "percent_covered_display": "100", "missing_lines": 0, "excluded_lines": 0, "percent_statements_covered": 100.0, "percent_statements_covered_display": "100", "num_branches": 0, "num_partial_branches": 0, "covered_branches": 0, "missing_branches": 0, "percent_branches_covered": 100.0, "percent_branches_covered_display": "100"}, "missing_lines": [], "excluded_lines": [], "start_line": 1, "executed_branches": [], "missing_branches": []}}}, "src/certgate/rules/business.py": {"executed_lines": [3, 5, 6, 7, 9, 11, 12, 14, 22, 30, 31, 32, 39, 40, 42, 43, 45, 46, 47, 49, 52, 53, 54, 55, 56, 60, 61, 62, 63, 64, 65, 66, 67, 72, 75, 80, 81, 82, 83, 89, 90, 92, 93, 96, 101, 102, 103, 104, 105, 111, 112, 113, 114, 115, 118, 125, 131, 132, 133, 136, 147, 148, 149, 150, 151, 152, 168, 173, 174, 175, 191, 194, 210, 213, 220, 261, 267, 293, 300, 301, 303, 304, 305, 306, 307, 308, 309, 310, 315, 325, 326, 327, 328, 329, 330, 331, 332, 333, 335, 336, 337, 355, 359, 360, 363, 364, 379, 383, 384, 387, 388, 403, 407, 411, 426, 430, 435, 450, 454, 455, 456, 457, 458, 473, 477, 480, 495, 499, 500, 503, 518, 526, 528, 536, 539, 544, 547, 548, 551, 556, 588, 594, 595, 602, 618, 623, 629, 634, 649, 655, 656, 657, 658, 659, 660, 662, 663, 664, 673, 681, 690, 691, 692, 693, 694, 695, 696, 697, 707, 715, 716, 719], "summary": {"covered_lines": 172, "num_statements": 181, "percent_covered": 91.92825112107623, "percent_covered_display": "92", "missing_lines": 9, "excluded_lines": 0, "percent_statements_covered": 95.02762430939227, "percent_statements_covered_display": "95", "num_branches": 42, "num_partial_branches": 9, "covered_branches": 33, "missing_branches": 9, "percent_branches_covered": 78.57142857142857, "percent_branches_covered_display": "79"}, "missing_lines": [41, 44, 48, 57, 68, 69, 70, 71, 91], "excluded_lines": [], "executed_branches": [[40, 42], [43, 45], [45, 46], [47, 49], [53, 54], [55, 56], [61, 62], [61, 63], [63, 64], [63, 65], [65, 66], [65, 67], [67, 72], [80, 81], [80, 82], [90, 92], [101, 102], [101, 103], [112, 113], [112, 114], [131, 132], [131, 133], [306, 307], [306, 335], [308, 309], [308, 310], [325, 326], [325, 327], [327, 328], [327, 329], [329, 330], [332, 306], [332, 333]], "missing_branches": [[40, 41], [43, 44], [45, 47], [47, 48], [53, 57], [55, 53], [67, 68], [90, 91], [329, 331]], "functions": {"_coerce_timestamp": {"executed_lines": [40, 42, 43, 45, 46, 47, 49], "summary": {"covered_lines": 7, "num_statements": 10, "percent_covered": 61.111111111111114, "percent_covered_display": "61", "missing_lines": 3, "excluded_lines": 0, "percent_statements_covered": 70.0, "percent_statements_covered_display": "70", "num_branches": 8, "num_partial_branches": 4, "covered_branches": 4, "missing_branches": 4, "percent_branches_covered": 50.0, "percent_branches_covered_display": "50"}, "missing_lines": [41, 44, 48], "excluded_lines": [], "start_line": 39, "executed_branches": [[40, 42], [43, 45], [45, 46], [47, 49]], "missing_branches": [[40, 41], [43, 44], [45, 47], [47, 48]]}, "_bundle_reference_time": {"executed_lines": [53, 54, 55, 56], "summary": {"covered_lines": 4, "num_statements": 5, "percent_covered": 66.66666666666667, "percent_covered_display": "67", "missing_lines": 1, "excluded_lines": 0, "percent_statements_covered": 80.0, "percent_statements_covered_display": "80", "num_branches": 4, "num_partial_branches": 2, "covered_branches": 2, "missing_branches": 2, "percent_branches_covered": 50.0, "percent_branches_covered_display": "50"}, "missing_lines": [57], "excluded_lines": [], "start_line": 52, "executed_branches": [[53, 54], [55, 56]], "missing_branches": [[53, 57], [55, 53]]}, "_serialize_value": {"executed_lines": [61, 62, 63, 64, 65, 66, 67, 72], "summary": {"covered_lines": 8, "num_statements": 12, "percent_covered": 75.0, "percent_covered_display": "75", "missing_lines": 4, "excluded_lines": 0, "percent_statements_covered": 66.66666666666667, "percent_statements_covered_display": "67", "num_branches": 8, "num_partial_branches": 1, "covered_branches": 7, "missing_branches": 1, "percent_branches_covered": 87.5, "percent_branches_covered_display": "88"}, "missing_lines": [68, 69, 70, 71], "excluded_lines": [], "start_line": 60, "executed_branches": [[61, 62], [61, 63], [63, 64], [63, 65], [65, 66], [65, 67], [67, 72]], "missing_branches": [[67, 68]]}, "_sample_records": {"executed_lines": [80, 81, 82, 83], "summary": {"covered_lines": 4, "num_statements": 4, "percent_covered": 100.0, "percent_covered_display": "100", "missing_lines": 0, "excluded_lines": 0, "percent_statements_covered": 100.0, "percent_statements_covered_display": "100", "num_branches": 2, "num_partial_branches": 0, "covered_branches": 2, "missing_branches": 0, "percent_branches_covered": 100.0, "percent_branches_covered_display": "100"}, "missing_lines": [], "excluded_lines": [], "start_line": 75, "executed_branches": [[80, 81], [80, 82]], "missing_branches": []}, "_owner_lookup": {"executed_lines": [90, 92, 93], "summary": {"covered_lines": 3, "num_statements": 4, "percent_covered": 66.66666666666667, "percent_covered_display": "67", "missing_lines": 1, "excluded_lines": 0, "percent_statements_covered": 75.0, "percent_statements_covered_display": "75", "num_branches": 2, "num_partial_branches": 1, "covered_branches": 1, "missing_branches": 1, "percent_branches_covered": 50.0, "percent_branches_covered_display": "50"}, "missing_lines": [91], "excluded_lines": [], "start_line": 89, "executed_branches": [[90, 92]], "missing_branches": [[90, 91]]}, "_owner_issue_counts": {"executed_lines": [101, 102, 103, 104, 105], "summary": {"covered_lines": 5, "num_statements": 5, "percent_covered": 100.0, "percent_covered_display": "100", "missing_lines": 0, "excluded_lines": 0, "percent_statements_covered": 100.0, "percent_statements_covered_display": "100", "num_branches": 2, "num_partial_branches": 0, "covered_branches": 2, "missing_branches": 0, "percent_branches_covered": 100.0, "percent_branches_covered_display": "100"}, "missing_lines": [], "excluded_lines": [], "start_line": 96, "executed_branches": [[101, 102], [101, 103]], "missing_branches": []}, "_stage_issue_counts": {"executed_lines": [112, 113, 114, 115], "summary": {"covered_lines": 4, "num_statements": 4, "percent_covered": 100.0, "percent_covered_display": "100", "missing_lines": 0, "excluded_lines": 0, "percent_statements_covered": 100.0, "percent_statements_covered_display": "100", "num_branches": 2, "num_partial_branches": 0, "covered_branches": 2, "missing_branches": 0, "percent_branches_covered": 100.0, "percent_branches_covered_display": "100"}, "missing_lines": [], "excluded_lines": [], "start_line": 111, "executed_branches": [[112, 113], [112, 114]], "missing_branches": []}, "_issue_details": {"executed_lines": [125, 131, 132, 133], "summary": {"covered_lines": 4, "num_statements": 4, "percent_covered": 100.0, "percent_covered_display": "100", "missing_lines": 0, "excluded_lines": 0, "percent_statements_covered": 100.0, "percent_statements_covered_display": "100", "num_branches": 2, "num_partial_branches": 0, "covered_branches": 2, "missing_branches": 0, "percent_branches_covered": 100.0, "percent_branches_covered_display": "100"}, "missing_lines": [], "excluded_lines": [], "start_line": 118, "executed_branches": [[131, 132], [131, 133]], "missing_branches": []}, "_foreign_key_reference": {"executed_lines": [147, 148, 149, 150, 151, 152], "summary": {"covered_lines": 6, "num_statements": 6, "percent_covered": 100.0, "percent_covered_display": "100", "missing_lines": 0, "excluded_lines": 0, "percent_statements_covered": 100.0, "percent_statements_covered_display": "100", "num_branches": 0, "num_partial_branches": 0, "covered_branches": 0, "missing_branches": 0, "percent_branches_covered": 100.0, "percent_branches_covered_display": "100"}, "missing_lines": [], "excluded_lines": [], "start_line": 136, "executed_branches": [], "missing_branches": []}, "check_allowed_value_sets": {"executed_lines": [173, 174, 175, 191, 194, 210], "summary": {"covered_lines": 6, "num_statements": 6, "percent_covered": 100.0, "percent_covered_display": "100", "missing_lines": 0, "excluded_lines": 0, "percent_statements_covered": 100.0, "percent_statements_covered_display": "100", "num_branches": 0, "num_partial_branches": 0, "covered_branches": 0, "missing_branches": 0, "percent_branches_covered": 100.0, "percent_branches_covered_display": "100"}, "missing_lines": [], "excluded_lines": [], "start_line": 168, "executed_branches": [], "missing_branches": []}, "check_owner_foreign_keys": {"executed_lines": [220], "summary": {"covered_lines": 1, "num_statements": 1, "percent_covered": 100.0, "percent_covered_display": "100", "missing_lines": 0, "excluded_lines": 0, "percent_statements_covered": 100.0, "percent_statements_covered_display": "100", "num_branches": 0, "num_partial_branches": 0, "covered_branches": 0, "missing_branches": 0, "percent_branches_covered": 100.0, "percent_branches_covered_display": "100"}, "missing_lines": [], "excluded_lines": [], "start_line": 213, "executed_branches": [], "missing_branches": []}, "check_account_foreign_keys": {"executed_lines": [267], "summary": {"covered_lines": 1, "num_statements": 1, "percent_covered": 100.0, "percent_covered_display": "100", "missing_lines": 0, "excluded_lines": 0, "percent_statements_covered": 100.0, "percent_statements_covered_display": "100", "num_branches": 0, "num_partial_branches": 0, "covered_branches": 0, "missing_branches": 0, "percent_branches_covered": 100.0, "percent_branches_covered_display": "100"}, "missing_lines": [], "excluded_lines": [], "start_line": 261, "executed_branches": [], "missing_branches": []}, "check_activity_object_references": {"executed_lines": [300, 301, 303, 304, 305, 306, 307, 308, 309, 310, 315, 325, 326, 327, 328, 329, 330, 331, 332, 333, 335, 336, 337], "summary": {"covered_lines": 23, "num_statements": 23, "percent_covered": 97.14285714285714, "percent_covered_display": "97", "missing_lines": 0, "excluded_lines": 0, "percent_statements_covered": 100.0, "percent_statements_covered_display": "100", "num_branches": 12, "num_partial_branches": 1, "covered_branches": 11, "missing_branches": 1, "percent_branches_covered": 91.66666666666667, "percent_branches_covered_display": "92"}, "missing_lines": [], "excluded_lines": [], "start_line": 293, "executed_branches": [[306, 307], [306, 335], [308, 309], [308, 310], [325, 326], [325, 327], [327, 328], [327, 329], [329, 330], [332, 306], [332, 333]], "missing_branches": [[329, 331]]}, "check_same_email_multiple_accounts": {"executed_lines": [359, 360, 363, 364], "summary": {"covered_lines": 4, "num_statements": 4, "percent_covered": 100.0, "percent_covered_display": "100", "missing_lines": 0, "excluded_lines": 0, "percent_statements_covered": 100.0, "percent_statements_covered_display": "100", "num_branches": 0, "num_partial_branches": 0, "covered_branches": 0, "missing_branches": 0, "percent_branches_covered": 100.0, "percent_branches_covered_display": "100"}, "missing_lines": [], "excluded_lines": [], "start_line": 355, "executed_branches": [], "missing_branches": []}, "check_same_domain_multiple_reps": {"executed_lines": [383, 384, 387, 388], "summary": {"covered_lines": 4, "num_statements": 4, "percent_covered": 100.0, "percent_covered_display": "100", "missing_lines": 0, "excluded_lines": 0, "percent_statements_covered": 100.0, "percent_statements_covered_display": "100", "num_branches": 0, "num_partial_branches": 0, "covered_branches": 0, "missing_branches": 0, "percent_branches_covered": 100.0, "percent_branches_covered_display": "100"}, "missing_lines": [], "excluded_lines": [], "start_line": 379, "executed_branches": [], "missing_branches": []}, "check_closed_won_amounts": {"executed_lines": [407, 411], "summary": {"covered_lines": 2, "num_statements": 2, "percent_covered": 100.0, "percent_covered_display": "100", "missing_lines": 0, "excluded_lines": 0, "percent_statements_covered": 100.0, "percent_statements_covered_display": "100", "num_branches": 0, "num_partial_branches": 0, "covered_branches": 0, "missing_branches": 0, "percent_branches_covered": 100.0, "percent_branches_covered_display": "100"}, "missing_lines": [], "excluded_lines": [], "start_line": 403, "executed_branches": [], "missing_branches": []}, "check_close_date_chronology": {"executed_lines": [430, 435], "summary": {"covered_lines": 2, "num_statements": 2, "percent_covered": 100.0, "percent_covered_display": "100", "missing_lines": 0, "excluded_lines": 0, "percent_statements_covered": 100.0, "percent_statements_covered_display": "100", "num_branches": 0, "num_partial_branches": 0, "covered_branches": 0, "missing_branches": 0, "percent_branches_covered": 100.0, "percent_branches_covered_display": "100"}, "missing_lines": [], "excluded_lines": [], "start_line": 426, "executed_branches": [], "missing_branches": []}, "check_inactive_owner_open_opportunities": {"executed_lines": [454, 455, 456, 457, 458], "summary": {"covered_lines": 5, "num_statements": 5, "percent_covered": 100.0, "percent_covered_display": "100", "missing_lines": 0, "excluded_lines": 0, "percent_statements_covered": 100.0, "percent_statements_covered_display": "100", "num_branches": 0, "num_partial_branches": 0, "covered_branches": 0, "missing_branches": 0, "percent_branches_covered": 100.0, "percent_branches_covered_display": "100"}, "missing_lines": [], "excluded_lines": [], "start_line": 450, "executed_branches": [], "missing_branches": []}, "check_missing_employee_count_for_enterprise": {"executed_lines": [477, 480], "summary": {"covered_lines": 2, "num_statements": 2, "percent_covered": 100.0, "percent_covered_display": "100", "missing_lines": 0, "excluded_lines": 0, "percent_statements_covered": 100.0, "percent_statements_covered_display": "100", "num_branches": 0, "num_partial_branches": 0, "covered_branches": 0, "missing_branches": 0, "percent_branches_covered": 100.0, "percent_branches_covered_display": "100"}, "missing_lines": [], "excluded_lines": [], "start_line": 473, "executed_branches": [], "missing_branches": []}, "check_missing_next_step_on_open_opportunities": {"executed_lines": [499, 500, 503], "summary": {"covered_lines": 3, "num_statements": 3, "percent_covered": 100.0, "percent_covered_display": "100", "missing_lines": 0, "excluded_lines": 0, "percent_statements_covered": 100.0, "percent_statements_covered_display": "100", "num_branches": 0, "num_partial_branches": 0, "covered_branches": 0, "missing_branches": 0, "percent_branches_covered": 100.0, "percent_branches_covered_display": "100"}, "missing_lines": [], "excluded_lines": [], "start_line": 495, "executed_branches": [], "missing_branches": []}, "check_recent_touches": {"executed_lines": [526, 528, 536, 539, 544, 547, 548, 551, 556], "summary": {"covered_lines": 9, "num_statements": 9, "percent_covered": 100.0, "percent_covered_display": "100", "missing_lines": 0, "excluded_lines": 0, "percent_statements_covered": 100.0, "percent_statements_covered_display": "100", "num_branches": 0, "num_partial_branches": 0, "covered_branches": 0, "missing_branches": 0, "percent_branches_covered": 100.0, "percent_branches_covered_display": "100"}, "missing_lines": [], "excluded_lines": [], "start_line": 518, "executed_branches": [], "missing_branches": []}, "check_stale_opportunity_stage": {"executed_lines": [594, 595, 602], "summary": {"covered_lines": 3, "num_statements": 3, "percent_covered": 100.0, "percent_covered_display": "100", "missing_lines": 0, "excluded_lines": 0, "percent_statements_covered": 100.0, "percent_statements_covered_display": "100", "num_branches": 0, "num_partial_branches": 0, "covered_branches": 0, "missing_branches": 0, "percent_branches_covered": 100.0, "percent_branches_covered_display": "100"}, "missing_lines": [], "excluded_lines": [], "start_line": 588, "executed_branches": [], "missing_branches": []}, "check_lead_account_domain_mismatch": {"executed_lines": [623, 629, 634], "summary": {"covered_lines": 3, "num_statements": 3, "percent_covered": 100.0, "percent_covered_display": "100", "missing_lines": 0, "excluded_lines": 0, "percent_statements_covered": 100.0, "percent_statements_covered_display": "100", "num_branches": 0, "num_partial_branches": 0, "covered_branches": 0, "missing_branches": 0, "percent_branches_covered": 100.0, "percent_branches_covered_display": "100"}, "missing_lines": [], "excluded_lines": [], "start_line": 618, "executed_branches": [], "missing_branches": []}, "default_crm_business_rules": {"executed_lines": [655, 656, 657, 658, 659, 660, 662, 663, 664, 673, 681, 690, 691, 692, 693, 694, 695, 696, 697, 707, 715, 716], "summary": {"covered_lines": 22, "num_statements": 22, "percent_covered": 100.0, "percent_covered_display": "100", "missing_lines": 0, "excluded_lines": 0, "percent_statements_covered": 100.0, "percent_statements_covered_display": "100", "num_branches": 0, "num_partial_branches": 0, "covered_branches": 0, "missing_branches": 0, "percent_branches_covered": 100.0, "percent_branches_covered_display": "100"}, "missing_lines": [], "excluded_lines": [], "start_line": 649, "executed_branches": [], "missing_branches": []}, "": {"executed_lines": [3, 5, 6, 7, 9, 11, 12, 14, 22, 30, 31, 32, 39, 52, 60, 75, 89, 96, 111, 118, 136, 168, 213, 261, 293, 355, 379, 403, 426, 450, 473, 495, 518, 588, 618, 649, 719], "summary": {"covered_lines": 37, "num_statements": 37, "percent_covered": 100.0, "percent_covered_display": "100", "missing_lines": 0, "excluded_lines": 0, "percent_statements_covered": 100.0, "percent_statements_covered_display": "100", "num_branches": 0, "num_partial_branches": 0, "covered_branches": 0, "missing_branches": 0, "percent_branches_covered": 100.0, "percent_branches_covered_display": "100"}, "missing_lines": [], "excluded_lines": [], "start_line": 1, "executed_branches": [], "missing_branches": []}}, "classes": {"": {"executed_lines": [3, 5, 6, 7, 9, 11, 12, 14, 22, 30, 31, 32, 39, 40, 42, 43, 45, 46, 47, 49, 52, 53, 54, 55, 56, 60, 61, 62, 63, 64, 65, 66, 67, 72, 75, 80, 81, 82, 83, 89, 90, 92, 93, 96, 101, 102, 103, 104, 105, 111, 112, 113, 114, 115, 118, 125, 131, 132, 133, 136, 147, 148, 149, 150, 151, 152, 168, 173, 174, 175, 191, 194, 210, 213, 220, 261, 267, 293, 300, 301, 303, 304, 305, 306, 307, 308, 309, 310, 315, 325, 326, 327, 328, 329, 330, 331, 332, 333, 335, 336, 337, 355, 359, 360, 363, 364, 379, 383, 384, 387, 388, 403, 407, 411, 426, 430, 435, 450, 454, 455, 456, 457, 458, 473, 477, 480, 495, 499, 500, 503, 518, 526, 528, 536, 539, 544, 547, 548, 551, 556, 588, 594, 595, 602, 618, 623, 629, 634, 649, 655, 656, 657, 658, 659, 660, 662, 663, 664, 673, 681, 690, 691, 692, 693, 694, 695, 696, 697, 707, 715, 716, 719], "summary": {"covered_lines": 172, "num_statements": 181, "percent_covered": 91.92825112107623, "percent_covered_display": "92", "missing_lines": 9, "excluded_lines": 0, "percent_statements_covered": 95.02762430939227, "percent_statements_covered_display": "95", "num_branches": 42, "num_partial_branches": 9, "covered_branches": 33, "missing_branches": 9, "percent_branches_covered": 78.57142857142857, "percent_branches_covered_display": "79"}, "missing_lines": [41, 44, 48, 57, 68, 69, 70, 71, 91], "excluded_lines": [], "start_line": 1, "executed_branches": [[40, 42], [43, 45], [45, 46], [47, 49], [53, 54], [55, 56], [61, 62], [61, 63], [63, 64], [63, 65], [65, 66], [65, 67], [67, 72], [80, 81], [80, 82], [90, 92], [101, 102], [101, 103], [112, 113], [112, 114], [131, 132], [131, 133], [306, 307], [306, 335], [308, 309], [308, 310], [325, 326], [325, 327], [327, 328], [327, 329], [329, 330], [332, 306], [332, 333]], "missing_branches": [[40, 41], [43, 44], [45, 47], [47, 48], [53, 57], [55, 53], [67, 68], [90, 91], [329, 331]]}}}, "src/certgate/rules/schema.py": {"executed_lines": [3, 5, 6, 8, 10, 11, 15, 18, 19, 22, 23, 24, 25, 26, 29, 30, 31, 32, 33, 34, 35, 36, 37, 38, 41, 196, 199, 200, 202, 204, 206, 211, 214, 221, 230, 233, 234, 239, 245, 246, 247, 250, 251, 260, 261, 263, 264, 267, 273, 274, 275, 277, 278, 279, 280, 285, 290, 299, 302, 303, 304, 315, 316, 317, 320, 321, 322, 323, 324, 325, 326, 327, 328, 329, 330, 331, 332, 333, 334, 335, 336, 337, 338, 339, 340, 343, 349, 350, 351, 352, 354, 355, 356, 357, 358, 363, 368, 383, 386, 392, 393, 394, 395, 396, 397, 405, 410, 416, 425, 431, 432, 433, 441, 444, 453, 454, 461, 462, 469, 470, 475, 476, 477, 484, 487], "summary": {"covered_lines": 125, "num_statements": 137, "percent_covered": 88.48484848484848, "percent_covered_display": "88", "missing_lines": 12, "excluded_lines": 2, "percent_statements_covered": 91.24087591240875, "percent_statements_covered_display": "91", "num_branches": 28, "num_partial_branches": 7, "covered_branches": 21, "missing_branches": 7, "percent_branches_covered": 75.0, "percent_branches_covered_display": "75"}, "missing_lines": [201, 203, 205, 207, 208, 209, 210, 235, 236, 262, 276, 353], "excluded_lines": [12, 13], "executed_branches": [[200, 202], [202, 204], [204, 206], [206, 211], [261, 263], [274, 275], [274, 299], [275, 277], [322, 323], [322, 326], [326, 327], [326, 330], [330, 331], [330, 336], [336, 337], [336, 340], [351, 352], [351, 383], [352, 354], [432, 433], [432, 441]], "missing_branches": [[200, 201], [202, 203], [204, 205], [206, 207], [261, 262], [275, 276], [352, 353]], "functions": {"_json_safe": {"executed_lines": [200, 202, 204, 206, 211], "summary": {"covered_lines": 5, "num_statements": 12, "percent_covered": 45.0, "percent_covered_display": "45", "missing_lines": 7, "excluded_lines": 0, "percent_statements_covered": 41.666666666666664, "percent_statements_covered_display": "42", "num_branches": 8, "num_partial_branches": 4, "covered_branches": 4, "missing_branches": 4, "percent_branches_covered": 50.0, "percent_branches_covered_display": "50"}, "missing_lines": [201, 203, 205, 207, 208, 209, 210], "excluded_lines": [], "start_line": 199, "executed_branches": [[200, 202], [202, 204], [204, 206], [206, 211]], "missing_branches": [[200, 201], [202, 203], [204, 205], [206, 207]]}, "build_rule_outcome": {"executed_lines": [221], "summary": {"covered_lines": 1, "num_statements": 1, "percent_covered": 100.0, "percent_covered_display": "100", "missing_lines": 0, "excluded_lines": 0, "percent_statements_covered": 100.0, "percent_statements_covered_display": "100", "num_branches": 0, "num_partial_branches": 0, "covered_branches": 0, "missing_branches": 0, "percent_branches_covered": 100.0, "percent_branches_covered_display": "100"}, "missing_lines": [], "excluded_lines": [], "start_line": 214, "executed_branches": [], "missing_branches": []}, "get_schema_definition": {"executed_lines": [233, 234], "summary": {"covered_lines": 2, "num_statements": 4, "percent_covered": 50.0, "percent_covered_display": "50", "missing_lines": 2, "excluded_lines": 0, "percent_statements_covered": 50.0, "percent_statements_covered_display": "50", "num_branches": 0, "num_partial_branches": 0, "covered_branches": 0, "missing_branches": 0, "percent_branches_covered": 100.0, "percent_branches_covered_display": "100"}, "missing_lines": [235, 236], "excluded_lines": [], "start_line": 230, "executed_branches": [], "missing_branches": []}, "check_required_columns": {"executed_lines": [245, 246, 247, 250, 251], "summary": {"covered_lines": 5, "num_statements": 5, "percent_covered": 100.0, "percent_covered_display": "100", "missing_lines": 0, "excluded_lines": 0, "percent_statements_covered": 100.0, "percent_statements_covered_display": "100", "num_branches": 0, "num_partial_branches": 0, "covered_branches": 0, "missing_branches": 0, "percent_branches_covered": 100.0, "percent_branches_covered_display": "100"}, "missing_lines": [], "excluded_lines": [], "start_line": 239, "executed_branches": [], "missing_branches": []}, "_blank_mask": {"executed_lines": [261, 263, 264], "summary": {"covered_lines": 3, "num_statements": 4, "percent_covered": 66.66666666666667, "percent_covered_display": "67", "missing_lines": 1, "excluded_lines": 0, "percent_statements_covered": 75.0, "percent_statements_covered_display": "75", "num_branches": 2, "num_partial_branches": 1, "covered_branches": 1, "missing_branches": 1, "percent_branches_covered": 50.0, "percent_branches_covered_display": "50"}, "missing_lines": [262], "excluded_lines": [], "start_line": 260, "executed_branches": [[261, 263]], "missing_branches": [[261, 262]]}, "check_non_null_columns": {"executed_lines": [273, 274, 275, 277, 278, 279, 280, 285, 290, 299], "summary": {"covered_lines": 10, "num_statements": 11, "percent_covered": 86.66666666666667, "percent_covered_display": "87", "missing_lines": 1, "excluded_lines": 0, "percent_statements_covered": 90.9090909090909, "percent_statements_covered_display": "91", "num_branches": 4, "num_partial_branches": 1, "covered_branches": 3, "missing_branches": 1, "percent_branches_covered": 75.0, "percent_branches_covered_display": "75"}, "missing_lines": [276], "excluded_lines": [], "start_line": 267, "executed_branches": [[274, 275], [274, 299], [275, 277]], "missing_branches": [[275, 276]]}, "_coerce_boolean_series": {"executed_lines": [303, 304, 315, 316, 317], "summary": {"covered_lines": 5, "num_statements": 5, "percent_covered": 100.0, "percent_covered_display": "100", "missing_lines": 0, "excluded_lines": 0, "percent_statements_covered": 100.0, "percent_statements_covered_display": "100", "num_branches": 0, "num_partial_branches": 0, "covered_branches": 0, "missing_branches": 0, "percent_branches_covered": 100.0, "percent_branches_covered_display": "100"}, "missing_lines": [], "excluded_lines": [], "start_line": 302, "executed_branches": [], "missing_branches": []}, "_coerce_series": {"executed_lines": [321, 322, 323, 324, 325, 326, 327, 328, 329, 330, 331, 332, 333, 334, 335, 336, 337, 338, 339, 340], "summary": {"covered_lines": 20, "num_statements": 20, "percent_covered": 100.0, "percent_covered_display": "100", "missing_lines": 0, "excluded_lines": 0, "percent_statements_covered": 100.0, "percent_statements_covered_display": "100", "num_branches": 8, "num_partial_branches": 0, "covered_branches": 8, "missing_branches": 0, "percent_branches_covered": 100.0, "percent_branches_covered_display": "100"}, "missing_lines": [], "excluded_lines": [], "start_line": 320, "executed_branches": [[322, 323], [322, 326], [326, 327], [326, 330], [330, 331], [330, 336], [336, 337], [336, 340]], "missing_branches": []}, "normalize_dataframe_dtypes": {"executed_lines": [349, 350, 351, 352, 354, 355, 356, 357, 358, 363, 368, 383], "summary": {"covered_lines": 12, "num_statements": 13, "percent_covered": 88.23529411764706, "percent_covered_display": "88", "missing_lines": 1, "excluded_lines": 0, "percent_statements_covered": 92.3076923076923, "percent_statements_covered_display": "92", "num_branches": 4, "num_partial_branches": 1, "covered_branches": 3, "missing_branches": 1, "percent_branches_covered": 75.0, "percent_branches_covered_display": "75"}, "missing_lines": [353], "excluded_lines": [], "start_line": 343, "executed_branches": [[351, 352], [351, 383], [352, 354]], "missing_branches": [[352, 353]]}, "detect_duplicates": {"executed_lines": [392, 393, 394, 395, 396, 397, 405, 410, 416], "summary": {"covered_lines": 9, "num_statements": 9, "percent_covered": 100.0, "percent_covered_display": "100", "missing_lines": 0, "excluded_lines": 0, "percent_statements_covered": 100.0, "percent_statements_covered_display": "100", "num_branches": 0, "num_partial_branches": 0, "covered_branches": 0, "missing_branches": 0, "percent_branches_covered": 100.0, "percent_branches_covered_display": "100"}, "missing_lines": [], "excluded_lines": [], "start_line": 386, "executed_branches": [], "missing_branches": []}, "validate_uniqueness_constraints": {"executed_lines": [431, 432, 433, 441], "summary": {"covered_lines": 4, "num_statements": 4, "percent_covered": 100.0, "percent_covered_display": "100", "missing_lines": 0, "excluded_lines": 0, "percent_statements_covered": 100.0, "percent_statements_covered_display": "100", "num_branches": 2, "num_partial_branches": 0, "covered_branches": 2, "missing_branches": 0, "percent_branches_covered": 100.0, "percent_branches_covered_display": "100"}, "missing_lines": [], "excluded_lines": [], "start_line": 425, "executed_branches": [[432, 433], [432, 441]], "missing_branches": []}, "apply_schema_definition": {"executed_lines": [453, 454, 461, 462, 469, 470, 475, 476, 477, 484], "summary": {"covered_lines": 10, "num_statements": 10, "percent_covered": 100.0, "percent_covered_display": "100", "missing_lines": 0, "excluded_lines": 0, "percent_statements_covered": 100.0, "percent_statements_covered_display": "100", "num_branches": 0, "num_partial_branches": 0, "covered_branches": 0, "missing_branches": 0, "percent_branches_covered": 100.0, "percent_branches_covered_display": "100"}, "missing_lines": [], "excluded_lines": [], "start_line": 444, "executed_branches": [], "missing_branches": []}, "": {"executed_lines": [3, 5, 6, 8, 10, 11, 15, 18, 19, 22, 23, 24, 25, 26, 29, 30, 31, 32, 33, 34, 35, 36, 37, 38, 41, 196, 199, 214, 230, 239, 260, 267, 302, 320, 343, 386, 425, 444, 487], "summary": {"covered_lines": 39, "num_statements": 39, "percent_covered": 100.0, "percent_covered_display": "100", "missing_lines": 0, "excluded_lines": 2, "percent_statements_covered": 100.0, "percent_statements_covered_display": "100", "num_branches": 0, "num_partial_branches": 0, "covered_branches": 0, "missing_branches": 0, "percent_branches_covered": 100.0, "percent_branches_covered_display": "100"}, "missing_lines": [], "excluded_lines": [12, 13], "start_line": 1, "executed_branches": [], "missing_branches": []}}, "classes": {"RuleOutcome": {"executed_lines": [], "summary": {"covered_lines": 0, "num_statements": 0, "percent_covered": 100.0, "percent_covered_display": "100", "missing_lines": 0, "excluded_lines": 0, "percent_statements_covered": 100.0, "percent_statements_covered_display": "100", "num_branches": 0, "num_partial_branches": 0, "covered_branches": 0, "missing_branches": 0, "percent_branches_covered": 100.0, "percent_branches_covered_display": "100"}, "missing_lines": [], "excluded_lines": [], "start_line": 19, "executed_branches": [], "missing_branches": []}, "SchemaDefinition": {"executed_lines": [], "summary": {"covered_lines": 0, "num_statements": 0, "percent_covered": 100.0, "percent_covered_display": "100", "missing_lines": 0, "excluded_lines": 0, "percent_statements_covered": 100.0, "percent_statements_covered_display": "100", "num_branches": 0, "num_partial_branches": 0, "covered_branches": 0, "missing_branches": 0, "percent_branches_covered": 100.0, "percent_branches_covered_display": "100"}, "missing_lines": [], "excluded_lines": [], "start_line": 30, "executed_branches": [], "missing_branches": []}, "": {"executed_lines": [3, 5, 6, 8, 10, 11, 15, 18, 19, 22, 23, 24, 25, 26, 29, 30, 31, 32, 33, 34, 35, 36, 37, 38, 41, 196, 199, 200, 202, 204, 206, 211, 214, 221, 230, 233, 234, 239, 245, 246, 247, 250, 251, 260, 261, 263, 264, 267, 273, 274, 275, 277, 278, 279, 280, 285, 290, 299, 302, 303, 304, 315, 316, 317, 320, 321, 322, 323, 324, 325, 326, 327, 328, 329, 330, 331, 332, 333, 334, 335, 336, 337, 338, 339, 340, 343, 349, 350, 351, 352, 354, 355, 356, 357, 358, 363, 368, 383, 386, 392, 393, 394, 395, 396, 397, 405, 410, 416, 425, 431, 432, 433, 441, 444, 453, 454, 461, 462, 469, 470, 475, 476, 477, 484, 487], "summary": {"covered_lines": 125, "num_statements": 137, "percent_covered": 88.48484848484848, "percent_covered_display": "88", "missing_lines": 12, "excluded_lines": 2, "percent_statements_covered": 91.24087591240875, "percent_statements_covered_display": "91", "num_branches": 28, "num_partial_branches": 7, "covered_branches": 21, "missing_branches": 7, "percent_branches_covered": 75.0, "percent_branches_covered_display": "75"}, "missing_lines": [201, 203, 205, 207, 208, 209, 210, 235, 236, 262, 276, 353], "excluded_lines": [12, 13], "start_line": 1, "executed_branches": [[200, 202], [202, 204], [204, 206], [206, 211], [261, 263], [274, 275], [274, 299], [275, 277], [322, 323], [322, 326], [326, 327], [326, 330], [330, 331], [330, 336], [336, 337], [336, 340], [351, 352], [351, 383], [352, 354], [432, 433], [432, 441]], "missing_branches": [[200, 201], [202, 203], [204, 205], [206, 207], [261, 262], [275, 276], [352, 353]]}}}}, "totals": {"covered_lines": 716, "num_statements": 798, "percent_covered": 86.16161616161617, "percent_covered_display": "86", "missing_lines": 82, "excluded_lines": 2, "percent_statements_covered": 89.72431077694236, "percent_statements_covered_display": "90", "num_branches": 192, "num_partial_branches": 41, "covered_branches": 137, "missing_branches": 55, "percent_branches_covered": 71.35416666666667, "percent_branches_covered_display": "71"}}